Arguments: 
  D:\Program Files\nodejs\node.exe C:\Program Files (x86)\Yarn\bin\yarn.js install

PATH: 
  C:\Program Files (x86)\Common Files\Oracle\Java\javapath;C:\Program Files (x86)\Intel\Intel(R) Management Engine Components\iCLS\;C:\Program Files\Intel\Intel(R) Management Engine Components\iCLS\;C:\Windows\system32;C:\Windows;C:\Windows\System32\Wbem;C:\Windows\System32\WindowsPowerShell\v1.0\;C:\Windows\System32\OpenSSH\;C:\Program Files (x86)\Intel\Intel(R) Management Engine Components\DAL;C:\Program Files\Intel\Intel(R) Management Engine Components\DAL;C:\Program Files (x86)\Intel\Intel(R) Management Engine Components\IPT;C:\Program Files\Intel\Intel(R) Management Engine Components\IPT;D:\Program Files\Git\cmd;D:\Program Files\nodejs\;D:\Program Files\Geth;C:\Program Files (x86)\Yarn\bin\;C:\ProgramData\chocolatey\bin;D:\Users\lukem\AppData\Local\Continuum\anaconda3\;C:\Go\bin;C:\Users\lukem\.windows-build-tools\python27\;C:\Users\lukem\.windows-build-tools\python27\;C:\Users\lukem\AppData\Local\Microsoft\WindowsApps;D:\Users\lukem\AppData\Local\Programs\MiKTeX 2.9\miktex\bin\x64\;D:\Users\lukem\AppData\Local\Programs\Microsoft VS Code\bin;C:\Users\lukem\AppData\Roaming\npm;C:\Users\lukem\AppData\Local\Yarn\bin;C:\Users\lukem\go\bin

Yarn version: 
  1.16.0

Node version: 
  10.16.0

Platform: 
  win32 x64

Trace: 
  SyntaxError: D:\FTC_Exam\2.1\package.json: Unexpected token / in JSON at position 213
      at JSON.parse (<anonymous>)
      at C:\Program Files (x86)\Yarn\lib\cli.js:1625:59
      at Generator.next (<anonymous>)
      at step (C:\Program Files (x86)\Yarn\lib\cli.js:304:30)
      at C:\Program Files (x86)\Yarn\lib\cli.js:315:13

npm manifest: 
  {
    "name": "CoShoe",
    "version": "0.1.0",
    "private": true,
    "dependencies": {
      "chai": "^4.2.0",
      "chai-as-promised": "^7.1.1",
      "chai-bignumber": "^3.0.0",
      "openzeppelin-solidity": "^2.3.0"
      // "web3": "^1.0.0-beta.33"
    }
  }

yarn manifest: 
  No manifest

Lockfile: 
  No lockfile
