Arguments: 
  D:\Program Files\nodejs\node.exe C:\Program Files (x86)\Yarn\bin\yarn.js install

PATH: 
  C:\Users\lukem\bin;D:\Program Files\Git\mingw64\bin;D:\Program Files\Git\usr\local\bin;D:\Program Files\Git\usr\bin;D:\Program Files\Git\usr\bin;D:\Program Files\Git\mingw64\bin;D:\Program Files\Git\usr\bin;C:\Users\lukem\bin;C:\Program Files (x86)\Common Files\Oracle\Java\javapath;C:\Program Files (x86)\Intel\Intel(R) Management Engine Components\iCLS;C:\Program Files\Intel\Intel(R) Management Engine Components\iCLS;C:\Windows\system32;C:\Windows;C:\Windows\System32\Wbem;C:\Windows\System32\WindowsPowerShell\v1.0;C:\Windows\System32\OpenSSH;C:\Program Files (x86)\Intel\Intel(R) Management Engine Components\DAL;C:\Program Files\Intel\Intel(R) Management Engine Components\DAL;C:\Program Files (x86)\Intel\Intel(R) Management Engine Components\IPT;C:\Program Files\Intel\Intel(R) Management Engine Components\IPT;D:\Program Files\Git\cmd;D:\Program Files\nodejs;D:\Program Files\Geth;C:\Program Files (x86)\Yarn\bin;C:\ProgramData\chocolatey\bin;D:\Users\lukem\AppData\Local\Continuum\anaconda3;C:\Go\bin;C:\Users\lukem\.windows-build-tools\python27;C:\Users\lukem\.windows-build-tools\python27;C:\Users\lukem\AppData\Local\Microsoft\WindowsApps;D:\Users\lukem\AppData\Local\Programs\MiKTeX 2.9\miktex\bin\x64;D:\Users\lukem\AppData\Local\Programs\Microsoft VS Code\bin;C:\Users\lukem\AppData\Roaming\npm;C:\Users\lukem\AppData\Local\Yarn\bin;C:\Users\lukem\go\bin;D:\Program Files\Git\usr\bin\vendor_perl;D:\Program Files\Git\usr\bin\core_perl

Yarn version: 
  1.16.0

Node version: 
  10.16.0

Platform: 
  win32 x64

Trace: 
  SyntaxError: D:\FTC_Exam\2.2\package.json: Unexpected string in JSON at position 25
      at JSON.parse (<anonymous>)
      at C:\Program Files (x86)\Yarn\lib\cli.js:1625:59
      at Generator.next (<anonymous>)
      at step (C:\Program Files (x86)\Yarn\lib\cli.js:304:30)
      at C:\Program Files (x86)\Yarn\lib\cli.js:315:13

npm manifest: 
  { 
    "name": "CoToken"
    "version": "0.1.0",
    "private": true,
    "dependencies": {
      "bignumber.js": "^9.0.0",
      "chai": "^4.2.0",
      "chai-as-promised": "^7.1.1",
      "chai-bignumber": "^3.0.0",
      "ethjs-abi": "^0.2.1",
      "lodash": "^4.17.10",
      "truffle-hdwallet-provider": "^1.0.14",
      "openzeppelin-solidity": "^2.3.0",
      "web3": "^1.0.0-beta.33"  }
  }

yarn manifest: 
  No manifest

Lockfile: 
  # THIS IS AN AUTOGENERATED FILE. DO NOT EDIT THIS FILE DIRECTLY.
  # yarn lockfile v1
  
  
  openzeppelin-solidity@^2.3.0:
    version "2.3.0"
    resolved "https://registry.yarnpkg.com/openzeppelin-solidity/-/openzeppelin-solidity-2.3.0.tgz#1ab7b4cc3782a5472ed61eb740c56a8bfdd74119"
    integrity sha512-QYeiPLvB1oSbDt6lDQvvpx7k8ODczvE474hb2kLXZBPKMsxKT1WxTCHBYrCU7kS7hfAku4DcJ0jqOyL+jvjwQw==
